# JRE version: OpenJDK Runtime Environment (17.0+35) (build 17+35-2724)
# Java VM: OpenJDK 64-Bit Server VM (17+35-2724, mixed mode, sharing, tiered, compressed oops, compressed class ptrs, g1 gc, windows-amd64)
GC Precious Log:
 CPUs: 4 total, 4 available
 Memory: 8063M
 Large Page Support: Disabled
 NUMA Support: Disabled
 Compressed Oops: Enabled (32-bit)
 Heap Region Size: 1M
 Heap Min Capacity: 8M
 Heap Initial Capacity: 126M
 Heap Max Capacity: 2016M
 Pre-touch: Disabled
 Parallel Workers: 4
 Concurrent Workers: 1
 Concurrent Refinement Workers: 4
 Periodic GC: Disabled
Heap:
 garbage-first heap   total 48128K, used 27242K [0x0000000082000000, 0x0000000100000000)
  region size 1024K, 16 young (16384K), 3 survivors (3072K)
 Metaspace       used 25116K, committed 25344K, reserved 1073152K
  class space    used 3339K, committed 3456K, reserved 1048576K
GC Heap History (8 events):
Event: 0.951 GC heap before
{Heap before GC invocations=0 (full 0):
 garbage-first heap   total 129024K, used 13312K [0x0000000082000000, 0x0000000100000000)
  region size 1024K, 13 young (13312K), 0 survivors (0K)
 Metaspace       used 2887K, committed 3008K, reserved 1056768K
  class space    used 308K, committed 384K, reserved 1048576K
}
Event: 0.955 GC heap after
{Heap after GC invocations=1 (full 0):
 garbage-first heap   total 129024K, used 1929K [0x0000000082000000, 0x0000000100000000)
  region size 1024K, 2 young (2048K), 2 survivors (2048K)
 Metaspace       used 2887K, committed 3008K, reserved 1056768K
  class space    used 308K, committed 384K, reserved 1048576K
}
Event: 1.567 GC heap before
{Heap before GC invocations=1 (full 0):
 garbage-first heap   total 129024K, used 18313K [0x0000000082000000, 0x0000000100000000)
  region size 1024K, 19 young (19456K), 2 survivors (2048K)
 Metaspace       used 8139K, committed 8320K, reserved 1056768K
  class space    used 1009K, committed 1088K, reserved 1048576K
}
Event: 1.572 GC heap after
{Heap after GC invocations=2 (full 0):
 garbage-first heap   total 129024K, used 5171K [0x0000000082000000, 0x0000000100000000)
  region size 1024K, 3 young (3072K), 3 survivors (3072K)
 Metaspace       used 8139K, committed 8320K, reserved 1056768K
  class space    used 1009K, committed 1088K, reserved 1048576K
}
Event: 6.557 GC heap before
{Heap before GC invocations=2 (full 0):
 garbage-first heap   total 129024K, used 47155K [0x0000000082000000, 0x0000000100000000)
  region size 1024K, 43 young (44032K), 3 survivors (3072K)
 Metaspace       used 21328K, committed 21504K, reserved 1073152K
  class space    used 2789K, committed 2880K, reserved 1048576K
}
Event: 6.566 GC heap after
{Heap after GC invocations=3 (full 0):
 garbage-first heap   total 129024K, used 12095K [0x0000000082000000, 0x0000000100000000)
  region size 1024K, 8 young (8192K), 8 survivors (8192K)
 Metaspace       used 21328K, committed 21504K, reserved 1073152K
  class space    used 2789K, committed 2880K, reserved 1048576K
}
Event: 9.128 GC heap before
{Heap before GC invocations=4 (full 0):
 garbage-first heap   total 48128K, used 32575K [0x0000000082000000, 0x0000000100000000)
  region size 1024K, 28 young (28672K), 8 survivors (8192K)
 Metaspace       used 24202K, committed 24448K, reserved 1073152K
  class space    used 3312K, committed 3456K, reserved 1048576K
}
Event: 9.141 GC heap after
{Heap after GC invocations=5 (full 0):
 garbage-first heap   total 48128K, used 14954K [0x0000000082000000, 0x0000000100000000)
  region size 1024K, 3 young (3072K), 3 survivors (3072K)
 Metaspace       used 24202K, committed 24448K, reserved 1073152K
  class space    used 3312K, committed 3456K, reserved 1048576K
}

